[2026-07-10 22:00:01] 🌱 Memulai deploy Digital Garden...
Already up to date.
  ✅ Pull selesai
🌱 Membangun Digital Garden...

  📁 catatan/ → 1 artikel
  📁 laporan/ → 1 artikel
  📁 project/ → 1 artikel
  ✅ Sitemap: 7 URLs

✅ Selesai! Total 3 halaman terbit.
   📍 https://muhdanfyan.github.io/catatan/
   📍 https://muhdanfyan.github.io/laporan/
   📍 https://muhdanfyan.github.io/project/
  ✅ Build selesai
[main 64ce4c8] gardener: auto-build 2026-07-10 22:00
 2 files changed, 15 insertions(+)
 create mode 100644 garden-deploy.log
 mode change 100644 => 100755 scripts/deploy_garden.sh
  ✅ Push ke GitHub Pages selesai
[2026-07-10 22:00:06] ✅ Selesai!

[2026-07-10 22:30:01] 🌱 Memulai deploy Digital Garden...
Already up to date.
  ✅ Pull selesai
🌱 Membangun Digital Garden...

  📁 catatan/ → 1 artikel
  📁 laporan/ → 1 artikel
  📁 project/ → 1 artikel
  ✅ Sitemap: 7 URLs

✅ Selesai! Total 3 halaman terbit.
   📍 https://muhdanfyan.github.io/catatan/
   📍 https://muhdanfyan.github.io/laporan/
   📍 https://muhdanfyan.github.io/project/
  ✅ Build selesai
